<?xml version="1.0" encoding="UTF-8"?>
<testsuite name="com.example.springcashier.SpringCashierApplicationTests" tests="1" skipped="0" failures="0" errors="0" timestamp="2021-04-20T08:34:36" hostname="DESKTOP-E7P5SVN" time="3.458">
  <properties/>
  <testcase name="contextLoads()" classname="com.example.springcashier.SpringCashierApplicationTests" time="3.458"/>
  <system-out><![CDATA[01:34:18.565 [Test worker] DEBUG org.springframework.test.context.BootstrapUtils - Instantiating CacheAwareContextLoaderDelegate from class [org.springframework.test.context.cache.DefaultCacheAwareContextLoaderDelegate]
01:34:18.698 [Test worker] DEBUG org.springframework.test.context.BootstrapUtils - Instantiating BootstrapContext using constructor [public org.springframework.test.context.support.DefaultBootstrapContext(java.lang.Class,org.springframework.test.context.CacheAwareContextLoaderDelegate)]
01:34:18.948 [Test worker] DEBUG org.springframework.test.context.BootstrapUtils - Instantiating TestContextBootstrapper for test class [com.example.springcashier.SpringCashierApplicationTests] from class [org.springframework.boot.test.context.SpringBootTestContextBootstrapper]
01:34:19.078 [Test worker] INFO org.springframework.boot.test.context.SpringBootTestContextBootstrapper - Neither @ContextConfiguration nor @ContextHierarchy found for test class [com.example.springcashier.SpringCashierApplicationTests], using SpringBootContextLoader
01:34:19.125 [Test worker] DEBUG org.springframework.test.context.support.AbstractContextLoader - Did not detect default resource location for test class [com.example.springcashier.SpringCashierApplicationTests]: class path resource [com/example/springcashier/SpringCashierApplicationTests-context.xml] does not exist
01:34:19.133 [Test worker] DEBUG org.springframework.test.context.support.AbstractContextLoader - Did not detect default resource location for test class [com.example.springcashier.SpringCashierApplicationTests]: class path resource [com/example/springcashier/SpringCashierApplicationTestsContext.groovy] does not exist
01:34:19.134 [Test worker] INFO org.springframework.test.context.support.AbstractContextLoader - Could not detect default resource locations for test class [com.example.springcashier.SpringCashierApplicationTests]: no resource found for suffixes {-context.xml, Context.groovy}.
01:34:19.139 [Test worker] INFO org.springframework.test.context.support.AnnotationConfigContextLoaderUtils - Could not detect default configuration classes for test class [com.example.springcashier.SpringCashierApplicationTests]: SpringCashierApplicationTests does not declare any static, non-private, non-final, nested classes annotated with @Configuration.
01:34:19.529 [Test worker] DEBUG org.springframework.test.context.support.ActiveProfilesUtils - Could not find an 'annotation declaring class' for annotation type [org.springframework.test.context.ActiveProfiles] and class [com.example.springcashier.SpringCashierApplicationTests]
01:34:20.208 [Test worker] DEBUG org.springframework.context.annotation.ClassPathScanningCandidateComponentProvider - Identified candidate component class: file [/mnt/c/Users/algae/School/Spring 2021/CMPE 172/sp21-172-team-a/frontend/spring-cashier/build/classes/java/main/com/example/springcashier/SpringCashierApplication.class]
01:34:20.219 [Test worker] INFO org.springframework.boot.test.context.SpringBootTestContextBootstrapper - Found @SpringBootConfiguration com.example.springcashier.SpringCashierApplication for test class com.example.springcashier.SpringCashierApplicationTests
01:34:21.254 [Test worker] DEBUG org.springframework.boot.test.context.SpringBootTestContextBootstrapper - @TestExecutionListeners is not present for class [com.example.springcashier.SpringCashierApplicationTests]: using defaults.
01:34:21.259 [Test worker] INFO org.springframework.boot.test.context.SpringBootTestContextBootstrapper - Loaded default TestExecutionListener class names from location [META-INF/spring.factories]: [org.springframework.boot.test.autoconfigure.restdocs.RestDocsTestExecutionListener, org.springframework.boot.test.autoconfigure.web.client.MockRestServiceServerResetTestExecutionListener, org.springframework.boot.test.autoconfigure.web.servlet.MockMvcPrintOnlyOnFailureTestExecutionListener, org.springframework.boot.test.autoconfigure.web.servlet.WebDriverTestExecutionListener, org.springframework.boot.test.autoconfigure.webservices.client.MockWebServiceServerTestExecutionListener, org.springframework.boot.test.mock.mockito.MockitoTestExecutionListener, org.springframework.boot.test.mock.mockito.ResetMocksTestExecutionListener, org.springframework.test.context.web.ServletTestExecutionListener, org.springframework.test.context.support.DirtiesContextBeforeModesTestExecutionListener, org.springframework.test.context.event.ApplicationEventsTestExecutionListener, org.springframework.test.context.support.DependencyInjectionTestExecutionListener, org.springframework.test.context.support.DirtiesContextTestExecutionListener, org.springframework.test.context.transaction.TransactionalTestExecutionListener, org.springframework.test.context.jdbc.SqlScriptsTestExecutionListener, org.springframework.test.context.event.EventPublishingTestExecutionListener]
01:34:21.416 [Test worker] DEBUG org.springframework.boot.test.context.SpringBootTestContextBootstrapper - Skipping candidate TestExecutionListener [org.springframework.test.context.transaction.TransactionalTestExecutionListener] due to a missing dependency. Specify custom listener classes or make the default listener classes and their required dependencies available. Offending class: [org/springframework/transaction/interceptor/TransactionAttributeSource]
01:34:21.420 [Test worker] DEBUG org.springframework.boot.test.context.SpringBootTestContextBootstrapper - Skipping candidate TestExecutionListener [org.springframework.test.context.jdbc.SqlScriptsTestExecutionListener] due to a missing dependency. Specify custom listener classes or make the default listener classes and their required dependencies available. Offending class: [org/springframework/transaction/interceptor/TransactionAttribute]
01:34:21.420 [Test worker] INFO org.springframework.boot.test.context.SpringBootTestContextBootstrapper - Using TestExecutionListeners: [org.springframework.test.context.web.ServletTestExecutionListener@33a395e4, org.springframework.test.context.support.DirtiesContextBeforeModesTestExecutionListener@b5d9da6, org.springframework.test.context.event.ApplicationEventsTestExecutionListener@35c96cfe, org.springframework.boot.test.mock.mockito.MockitoTestExecutionListener@23274154, org.springframework.boot.test.autoconfigure.SpringBootDependencyInjectionTestExecutionListener@c04ec61, org.springframework.test.context.support.DirtiesContextTestExecutionListener@6bd3e0ea, org.springframework.test.context.event.EventPublishingTestExecutionListener@1583cff2, org.springframework.boot.test.autoconfigure.restdocs.RestDocsTestExecutionListener@c3701f7, org.springframework.boot.test.autoconfigure.web.client.MockRestServiceServerResetTestExecutionListener@27fb93f4, org.springframework.boot.test.autoconfigure.web.servlet.MockMvcPrintOnlyOnFailureTestExecutionListener@535bf351, org.springframework.boot.test.autoconfigure.web.servlet.WebDriverTestExecutionListener@58ac5a97, org.springframework.boot.test.autoconfigure.webservices.client.MockWebServiceServerTestExecutionListener@6ca0d0cc, org.springframework.boot.test.mock.mockito.ResetMocksTestExecutionListener@173f8a9f]
01:34:21.464 [Test worker] DEBUG org.springframework.test.context.support.AbstractDirtiesContextTestExecutionListener - Before test class: context [DefaultTestContext@38e3bcd9 testClass = SpringCashierApplicationTests, testInstance = [null], testMethod = [null], testException = [null], mergedContextConfiguration = [WebMergedContextConfiguration@19852153 testClass = SpringCashierApplicationTests, locations = '{}', classes = '{class com.example.springcashier.SpringCashierApplication}', contextInitializerClasses = '[]', activeProfiles = '{}', propertySourceLocations = '{}', propertySourceProperties = '{org.springframework.boot.test.context.SpringBootTestContextBootstrapper=true}', contextCustomizers = set[org.springframework.boot.test.autoconfigure.actuate.metrics.MetricsExportContextCustomizerFactory$DisableMetricExportContextCustomizer@76510a5d, org.springframework.boot.test.autoconfigure.properties.PropertyMappingContextCustomizer@0, org.springframework.boot.test.autoconfigure.web.servlet.WebDriverContextCustomizerFactory$Customizer@3aca2f62, org.springframework.boot.test.context.filter.ExcludeFilterContextCustomizer@22cb335c, org.springframework.boot.test.json.DuplicateJsonObjectContextCustomizerFactory$DuplicateJsonObjectContextCustomizer@6d279b1e, org.springframework.boot.test.mock.mockito.MockitoContextCustomizer@0, org.springframework.boot.test.web.client.TestRestTemplateContextCustomizer@5bf84537, org.springframework.boot.test.context.SpringBootTestArgs@1, org.springframework.boot.test.context.SpringBootTestWebEnvironment@2eb2cd39], resourceBasePath = 'src/main/webapp', contextLoader = 'org.springframework.boot.test.context.SpringBootContextLoader', parent = [null]], attributes = map['org.springframework.test.context.web.ServletTestExecutionListener.activateListener' -> true]], class annotated with @DirtiesContext [false] with mode [null].
01:34:21.809 [Test worker] DEBUG org.springframework.test.context.support.TestPropertySourceUtils - Adding inlined properties to environment: {spring.jmx.enabled=false, org.springframework.boot.test.context.SpringBootTestContextBootstrapper=true}

  .   ____          _            __ _ _
 /\\ / ___'_ __ _ _(_)_ __  __ _ \ \ \ \
( ( )\___ | '_ | '_| | '_ \/ _` | \ \ \ \
 \\/  ___)| |_)| | | | | || (_| |  ) ) ) )
  '  |____| .__|_| |_|_| |_\__, | / / / /
 =========|_|==============|___/=/_/_/_/
 :: Spring Boot ::                (v2.4.5)

2021-04-20 01:34:23.954  INFO 8075 --- [    Test worker] c.e.s.SpringCashierApplicationTests      : Starting SpringCashierApplicationTests using Java 11.0.9.1 on DESKTOP-E7P5SVN with PID 8075 (started by langeline in /mnt/c/Users/algae/School/Spring 2021/CMPE 172/sp21-172-team-a/frontend/spring-cashier)
2021-04-20 01:34:23.960  INFO 8075 --- [    Test worker] c.e.s.SpringCashierApplicationTests      : No active profile set, falling back to default profiles: default
2021-04-20 01:34:32.353  INFO 8075 --- [    Test worker] o.s.s.concurrent.ThreadPoolTaskExecutor  : Initializing ExecutorService 'applicationTaskExecutor'
2021-04-20 01:34:33.594  INFO 8075 --- [    Test worker] o.s.b.a.w.s.WelcomePageHandlerMapping    : Adding welcome page template: index
2021-04-20 01:34:36.241  INFO 8075 --- [    Test worker] c.e.s.SpringCashierApplicationTests      : Started SpringCashierApplicationTests in 14.363 seconds (JVM running for 19.913)
]]></system-out>
  <system-err><![CDATA[]]></system-err>
</testsuite>
